Determining if the pthread_create exist failed with the following output:
Change Dir: /home/salvador/movement_keyboard_model2_ws/build/CMakeFiles/CMakeTmp

Run Build Command:"/usr/bin/make" "cmTC_66296/fast"
/usr/bin/make -f CMakeFiles/cmTC_66296.dir/build.make CMakeFiles/cmTC_66296.dir/build
make[1]: se entra en el directorio '/home/salvador/movement_keyboard_model2_ws/build/CMakeFiles/CMakeTmp'
Building C object CMakeFiles/cmTC_66296.dir/CheckSymbolExists.c.o
/usr/bin/cc     -o CMakeFiles/cmTC_66296.dir/CheckSymbolExists.c.o   -c /home/salvador/movement_keyboard_model2_ws/build/CMakeFiles/CMakeTmp/CheckSymbolExists.c
Linking C executable cmTC_66296
/usr/bin/cmake -E cmake_link_script CMakeFiles/cmTC_66296.dir/link.txt --verbose=1
/usr/bin/cc       CMakeFiles/cmTC_66296.dir/CheckSymbolExists.c.o  -o cmTC_66296 -rdynamic 
CMakeFiles/cmTC_66296.dir/CheckSymbolExists.c.o: En la función `main':
CheckSymbolExists.c:(.text+0x16): referencia a `pthread_create' sin definir
collect2: error: ld returned 1 exit status
CMakeFiles/cmTC_66296.dir/build.make:97: fallo en las instrucciones para el objetivo 'cmTC_66296'
make[1]: *** [cmTC_66296] Error 1
make[1]: se sale del directorio '/home/salvador/movement_keyboard_model2_ws/build/CMakeFiles/CMakeTmp'
Makefile:126: fallo en las instrucciones para el objetivo 'cmTC_66296/fast'
make: *** [cmTC_66296/fast] Error 2

File /home/salvador/movement_keyboard_model2_ws/build/CMakeFiles/CMakeTmp/CheckSymbolExists.c:
/* */
#include <pthread.h>

int main(int argc, char** argv)
{
  (void)argv;
#ifndef pthread_create
  return ((int*)(&pthread_create))[argc];
#else
  (void)argc;
  return 0;
#endif
}

Determining if the function pthread_create exists in the pthreads failed with the following output:
Change Dir: /home/salvador/movement_keyboard_model2_ws/build/CMakeFiles/CMakeTmp

Run Build Command:"/usr/bin/make" "cmTC_6b3b1/fast"
/usr/bin/make -f CMakeFiles/cmTC_6b3b1.dir/build.make CMakeFiles/cmTC_6b3b1.dir/build
make[1]: se entra en el directorio '/home/salvador/movement_keyboard_model2_ws/build/CMakeFiles/CMakeTmp'
Building C object CMakeFiles/cmTC_6b3b1.dir/CheckFunctionExists.c.o
/usr/bin/cc    -DCHECK_FUNCTION_EXISTS=pthread_create   -o CMakeFiles/cmTC_6b3b1.dir/CheckFunctionExists.c.o   -c /usr/share/cmake-3.5/Modules/CheckFunctionExists.c
Linking C executable cmTC_6b3b1
/usr/bin/cmake -E cmake_link_script CMakeFiles/cmTC_6b3b1.dir/link.txt --verbose=1
/usr/bin/cc   -DCHECK_FUNCTION_EXISTS=pthread_create    CMakeFiles/cmTC_6b3b1.dir/CheckFunctionExists.c.o  -o cmTC_6b3b1 -rdynamic -lpthreads 
/usr/bin/ld: no se puede encontrar -lpthreads
collect2: error: ld returned 1 exit status
CMakeFiles/cmTC_6b3b1.dir/build.make:97: fallo en las instrucciones para el objetivo 'cmTC_6b3b1'
make[1]: *** [cmTC_6b3b1] Error 1
make[1]: se sale del directorio '/home/salvador/movement_keyboard_model2_ws/build/CMakeFiles/CMakeTmp'
Makefile:126: fallo en las instrucciones para el objetivo 'cmTC_6b3b1/fast'
make: *** [cmTC_6b3b1/fast] Error 2


